Flow report for pipeline
Sun Jun 30 00:18:24 2013
Quartus II 64-Bit Version 12.0 Build 178 05/31/2012 SJ Full Version


---------------------
; Table of Contents ;
---------------------
  1. Legal Notice
  2. Flow Summary
  3. Flow Settings
  4. Flow Non-Default Global Settings
  5. Flow Elapsed Time
  6. Flow OS Summary
  7. Flow Log



----------------
; Legal Notice ;
----------------
Copyright (C) 1991-2012 Altera Corporation
Your use of Altera Corporation's design tools, logic functions 
and other software and tools, and its AMPP partner logic 
functions, and any output files from any of the foregoing 
(including device programming or simulation files), and any 
associated documentation or information are expressly subject 
to the terms and conditions of the Altera Program License 
Subscription Agreement, Altera MegaCore Function License 
Agreement, or other applicable license agreement, including, 
without limitation, that your use is for the sole purpose of 
programming logic devices manufactured by Altera and sold by 
Altera or its authorized distributors.  Please refer to the 
applicable agreement for further details.



+--------------------------------------------------------------------------------+
; Flow Summary                                                                   ;
+------------------------------------+-------------------------------------------+
; Flow Status                        ; Successful - Sun Jun 30 00:18:24 2013     ;
; Quartus II 64-Bit Version          ; 12.0 Build 178 05/31/2012 SJ Full Version ;
; Revision Name                      ; pipeline                                  ;
; Top-level Entity Name              ; pipeline                                  ;
; Family                             ; Cyclone II                                ;
; Total logic elements               ; 3,340 / 68,416 ( 5 % )                    ;
;     Total combinational functions  ; 2,968 / 68,416 ( 4 % )                    ;
;     Dedicated logic registers      ; 1,477 / 68,416 ( 2 % )                    ;
; Total registers                    ; 1477                                      ;
; Total pins                         ; 574 / 622 ( 92 % )                        ;
; Total virtual pins                 ; 0                                         ;
; Total memory bits                  ; 33,792 / 1,152,000 ( 3 % )                ;
; Embedded Multiplier 9-bit elements ; 0 / 300 ( 0 % )                           ;
; Total PLLs                         ; 0 / 4 ( 0 % )                             ;
; Device                             ; EP2C70F896C6                              ;
; Timing Models                      ; Final                                     ;
+------------------------------------+-------------------------------------------+


+-----------------------------------------+
; Flow Settings                           ;
+-------------------+---------------------+
; Option            ; Setting             ;
+-------------------+---------------------+
; Start date & time ; 06/30/2013 00:16:38 ;
; Main task         ; Compilation         ;
; Revision Name     ; pipeline            ;
+-------------------+---------------------+


+-------------------------------------------------------------------------------------------------------------------------+
; Flow Non-Default Global Settings                                                                                        ;
+--------------------------------------+---------------------------------+---------------+-------------+------------------+
; Assignment Name                      ; Value                           ; Default Value ; Entity Name ; Section Id       ;
+--------------------------------------+---------------------------------+---------------+-------------+------------------+
; COMPILER_SIGNATURE_ID                ; 35282498762765.137252259414732  ; --            ; --          ; --               ;
; EDA_DESIGN_INSTANCE_NAME             ; NA                              ; --            ; --          ; pipeline_vlg_tst ;
; EDA_NATIVELINK_SIMULATION_TEST_BENCH ; pipeline_vlg_tst                ; --            ; --          ; eda_simulation   ;
; EDA_OUTPUT_DATA_FORMAT               ; Verilog Hdl                     ; --            ; --          ; eda_simulation   ;
; EDA_SIMULATION_TOOL                  ; ModelSim-Altera (Verilog)       ; <None>        ; --          ; --               ;
; EDA_TEST_BENCH_ENABLE_STATUS         ; TEST_BENCH_MODE                 ; --            ; --          ; eda_simulation   ;
; EDA_TEST_BENCH_FILE                  ; simulation/modelsim/pipeline.vt ; --            ; --          ; pipeline_vlg_tst ;
; EDA_TEST_BENCH_MODULE_NAME           ; pipeline_vlg_tst                ; --            ; --          ; pipeline_vlg_tst ;
; EDA_TEST_BENCH_NAME                  ; pipeline_vlg_tst                ; --            ; --          ; eda_simulation   ;
; EDA_TIME_SCALE                       ; 1 us                            ; --            ; --          ; eda_simulation   ;
; PARTITION_COLOR                      ; 16764057                        ; --            ; --          ; Top              ;
; PARTITION_FITTER_PRESERVATION_LEVEL  ; PLACEMENT_AND_ROUTING           ; --            ; --          ; Top              ;
; PARTITION_NETLIST_TYPE               ; SOURCE                          ; --            ; --          ; Top              ;
; PROJECT_OUTPUT_DIRECTORY             ; ./simulation                    ; --            ; --          ; --               ;
+--------------------------------------+---------------------------------+---------------+-------------+------------------+


+-------------------------------------------------------------------------------------------------------------------------------+
; Flow Elapsed Time                                                                                                             ;
+---------------------------+--------------+-------------------------+---------------------+------------------------------------+
; Module Name               ; Elapsed Time ; Average Processors Used ; Peak Virtual Memory ; Total CPU Time (on all processors) ;
+---------------------------+--------------+-------------------------+---------------------+------------------------------------+
; Analysis & Synthesis      ; 00:00:27     ; 1.0                     ; 442 MB              ; 00:00:12                           ;
; Fitter                    ; 00:00:50     ; 3.0                     ; 735 MB              ; 00:01:11                           ;
; TimeQuest Timing Analyzer ; 00:00:15     ; 1.3                     ; 439 MB              ; 00:00:03                           ;
; Assembler                 ; 00:00:25     ; 1.0                     ; 409 MB              ; 00:00:04                           ;
; EDA Netlist Writer        ; 00:00:15     ; 1.0                     ; 402 MB              ; 00:00:04                           ;
; Total                     ; 00:02:12     ; --                      ; --                  ; 00:01:34                           ;
+---------------------------+--------------+-------------------------+---------------------+------------------------------------+


+----------------------------------------------------------------------------------------+
; Flow OS Summary                                                                        ;
+---------------------------+------------------+-----------+------------+----------------+
; Module Name               ; Machine Hostname ; OS Name   ; OS Version ; Processor type ;
+---------------------------+------------------+-----------+------------+----------------+
; Analysis & Synthesis      ; Roy              ; Windows 7 ; 6.2        ; x86_64         ;
; Fitter                    ; Roy              ; Windows 7 ; 6.2        ; x86_64         ;
; TimeQuest Timing Analyzer ; Roy              ; Windows 7 ; 6.2        ; x86_64         ;
; Assembler                 ; Roy              ; Windows 7 ; 6.2        ; x86_64         ;
; EDA Netlist Writer        ; Roy              ; Windows 7 ; 6.2        ; x86_64         ;
+---------------------------+------------------+-----------+------------+----------------+


------------
; Flow Log ;
------------
quartus_map --read_settings_files=on --write_settings_files=off pipeline -c pipeline
quartus_fit --read_settings_files=off --write_settings_files=off pipeline -c pipeline
quartus_sta pipeline -c pipeline
quartus_asm --read_settings_files=off --write_settings_files=off pipeline -c pipeline
quartus_eda --read_settings_files=off --write_settings_files=off pipeline -c pipeline



